<?xml version="1.0" encoding="UTF-8"?>
<!-- Generated by org.testng.reporters.JUnitReportReporter -->
<testsuite skipped="0" hostname="FurmanHP" name="Codenboxautomationlabs.MavenExample.LoginPageTest" tests="1" failures="0" timestamp="31 Mar 2020 21:41:28 GMT" time="6.956" errors="0">
  <testcase name="basePageLogin" time="6.956" classname="Codenboxautomationlabs.MavenExample.LoginPageTest"/>
</testsuite> <!-- Codenboxautomationlabs.MavenExample.LoginPageTest -->
