<?xml version="1.0" encoding="UTF-8"?>
<!-- Generated by org.testng.reporters.JUnitReportReporter -->
<testsuite skipped="0" hostname="FurmanHP" name="Codenboxautomationlabs.MavenExample.ErrorLogs" tests="1" failures="0" timestamp="29 Apr 2020 17:33:01 GMT" time="12.436" errors="0">
  <testcase name="ErrorLogsTest" time="12.436" classname="Codenboxautomationlabs.MavenExample.ErrorLogs"/>
</testsuite> <!-- Codenboxautomationlabs.MavenExample.ErrorLogs -->
