<?xml version="1.0" encoding="UTF-8"?>
<!-- Generated by org.testng.reporters.JUnitReportReporter -->
<testsuite skipped="0" hostname="FurmanHP" name="Codenboxautomationlabs.MavenExample.ValidTitleTest" tests="1" failures="0" timestamp="31 Mar 2020 21:41:28 GMT" time="13.520" errors="0">
  <testcase name="pageTitle" time="13.520" classname="Codenboxautomationlabs.MavenExample.ValidTitleTest"/>
</testsuite> <!-- Codenboxautomationlabs.MavenExample.ValidTitleTest -->
