<?xml version="1.0" encoding="UTF-8"?>
<!-- Generated by org.testng.reporters.JUnitReportReporter -->
<testsuite skipped="0" hostname="FurmanHP" name="Codenboxautomationlabs.MavenExample.NavigationBarTest" tests="2" failures="0" timestamp="31 Mar 2020 21:41:28 GMT" time="0.301" errors="0">
  <testcase name="dropDownSelect" time="0.196" classname="Codenboxautomationlabs.MavenExample.NavigationBarTest"/>
  <testcase name="basePageNavigationBar" time="0.105" classname="Codenboxautomationlabs.MavenExample.NavigationBarTest"/>
</testsuite> <!-- Codenboxautomationlabs.MavenExample.NavigationBarTest -->
