<?xml version="1.0" encoding="UTF-8"?>
<!-- Generated by org.testng.reporters.JUnitReportReporter -->
<testsuite hostname="FurmanHP" failures="0" tests="1" name="Codenboxautomationlabs.MavenExample.ErrorLogs" time="9.252" errors="0" timestamp="02 May 2020 20:39:55 GMT" skipped="0">
  <testcase classname="Codenboxautomationlabs.MavenExample.ErrorLogs" name="ErrorLogsTest" time="9.252"/>
</testsuite> <!-- Codenboxautomationlabs.MavenExample.ErrorLogs -->
